<?xml version="1.0" encoding="UTF-8" standalone="yes"?><!DOCTYPE report PUBLIC "-//JACOCO//DTD Report 1.1//EN" "report.dtd"><report name="lettergrade"><sessioninfo id="DESKTOP-PQBPCNP-eff52f2c" start="1576950898366" dump="1576950899184"/><sessioninfo id="DESKTOP-PQBPCNP-d9540201" start="1576950971230" dump="1576950971806"/><sessioninfo id="DESKTOP-PQBPCNP-5c39f3da" start="1576951016062" dump="1576951016582"/><sessioninfo id="DESKTOP-PQBPCNP-f3b838f6" start="1576951074289" dump="1576951074853"/><sessioninfo id="DESKTOP-PQBPCNP-3ed4db8f" start="1576951112426" dump="1576951112979"/><sessioninfo id="DESKTOP-PQBPCNP-6817562c" start="1576951436018" dump="1576951437019"/><sessioninfo id="DESKTOP-PQBPCNP-6523cd90" start="1576951451757" dump="1576951452437"/><sessioninfo id="DESKTOP-PQBPCNP-5f48faf6" start="1576951500837" dump="1576951501419"/><sessioninfo id="DESKTOP-PQBPCNP-1bf2f815" start="1576951602534" dump="1576951612358"/><sessioninfo id="DESKTOP-PQBPCNP-d25f512b" start="1576951900461" dump="1576951901025"/><sessioninfo id="DESKTOP-PQBPCNP-990531dd" start="1576951925489" dump="1576951926147"/><sessioninfo id="DESKTOP-PQBPCNP-547cc0b0" start="1576952140582" dump="1576952141128"/><sessioninfo id="DESKTOP-PQBPCNP-31bee1a1" start="1576952198233" dump="1576952198845"/><sessioninfo id="DESKTOP-PQBPCNP-5e98506c" start="1576952257289" dump="1576952257825"/><sessioninfo id="DESKTOP-PQBPCNP-2577d908" start="1576952327905" dump="1576952328457"/><sessioninfo id="DESKTOP-PQBPCNP-e72c2611" start="1576952379520" dump="1576952380111"/><sessioninfo id="DESKTOP-PQBPCNP-4951db38" start="1576952396707" dump="1576952397326"/><sessioninfo id="DESKTOP-PQBPCNP-58860631" start="1576952449822" dump="1576952450358"/><sessioninfo id="DESKTOP-PQBPCNP-da7001db" start="1576952490811" dump="1576952491349"/><sessioninfo id="DESKTOP-PQBPCNP-264e1d12" start="1576952527332" dump="1576952527933"/><sessioninfo id="DESKTOP-PQBPCNP-5fe0cd8e" start="1576952667745" dump="1576952668550"/><sessioninfo id="DESKTOP-PQBPCNP-36e21a33" start="1576952733441" dump="1576952734136"/><sessioninfo id="DESKTOP-PQBPCNP-c1a157c5" start="1576952771376" dump="1576952772012"/><sessioninfo id="DESKTOP-PQBPCNP-92010e6f" start="1576953159174" dump="1576953159808"/><sessioninfo id="DESKTOP-PQBPCNP-f3df2b2d" start="1576953670814" dump="1576953671793"/><sessioninfo id="DESKTOP-PQBPCNP-ba2bfbf0" start="1576953763435" dump="1576953764036"/><sessioninfo id="DESKTOP-PQBPCNP-168c19bd" start="1576954452573" dump="1576954453440"/><sessioninfo id="DESKTOP-PQBPCNP-1ee0a594" start="1576954624532" dump="1576954625196"/><sessioninfo id="DESKTOP-PQBPCNP-fa1ad424" start="1576954682682" dump="1576954683390"/><sessioninfo id="DESKTOP-PQBPCNP-a072ac59" start="1576954749729" dump="1576954750367"/><sessioninfo id="DESKTOP-PQBPCNP-530651ec" start="1576954767054" dump="1576954767754"/><sessioninfo id="DESKTOP-PQBPCNP-7efa440c" start="1576954805901" dump="1576954806882"/><sessioninfo id="DESKTOP-PQBPCNP-17d89c65" start="1576954854259" dump="1576954854831"/><sessioninfo id="DESKTOP-PQBPCNP-ec10c07f" start="1576955160595" dump="1576955161305"/><sessioninfo id="DESKTOP-PQBPCNP-297adaf8" start="1576955231123" dump="1576955231851"/><sessioninfo id="DESKTOP-PQBPCNP-72054919" start="1576955260327" dump="1576955261022"/><sessioninfo id="DESKTOP-PQBPCNP-de99c9d2" start="1576955306130" dump="1576955306845"/><sessioninfo id="DESKTOP-PQBPCNP-8d25a16d" start="1576955406539" dump="1576955407205"/><sessioninfo id="DESKTOP-PQBPCNP-7dd68016" start="1576955422555" dump="1576955423280"/><sessioninfo id="DESKTOP-PQBPCNP-2743c945" start="1576955445147" dump="1576955445765"/><sessioninfo id="DESKTOP-PQBPCNP-780d30dd" start="1576955546052" dump="1576955546713"/><sessioninfo id="DESKTOP-PQBPCNP-6e46902d" start="1576955563476" dump="1576955564067"/><sessioninfo id="DESKTOP-PQBPCNP-550bbffc" start="1576955851517" dump="1576955852165"/><sessioninfo id="DESKTOP-PQBPCNP-238e8dd1" start="1576956223874" dump="1576956224671"/><sessioninfo id="DESKTOP-PQBPCNP-a258025c" start="1576986054951" dump="1576986055400"/><package name="sehw4"><class name="sehw4/letterGrade" sourcefilename="letterGrade.java"><method name="&lt;init&gt;" desc="()V" line="7"><counter type="INSTRUCTION" missed="0" covered="3"/><counter type="LINE" missed="0" covered="1"/><counter type="COMPLEXITY" missed="0" covered="1"/><counter type="METHOD" missed="0" covered="1"/></method><method name="letterGrade" desc="(I)C" line="10"><counter type="INSTRUCTION" missed="0" covered="48"/><counter type="BRANCH" missed="4" covered="16"/><counter type="LINE" missed="0" covered="12"/><counter type="COMPLEXITY" missed="4" covered="7"/><counter type="METHOD" missed="0" covered="1"/></method><method name="main" desc="([Ljava/lang/String;)V" line="26"><counter type="INSTRUCTION" missed="0" covered="44"/><counter type="LINE" missed="0" covered="12"/><counter type="COMPLEXITY" missed="0" covered="1"/><counter type="METHOD" missed="0" covered="1"/></method><counter type="INSTRUCTION" missed="0" covered="95"/><counter type="BRANCH" missed="4" covered="16"/><counter type="LINE" missed="0" covered="25"/><counter type="COMPLEXITY" missed="4" covered="9"/><counter type="METHOD" missed="0" covered="3"/><counter type="CLASS" missed="0" covered="1"/></class><sourcefile name="letterGrade.java"><line nr="7" mi="0" ci="3" mb="0" cb="0"/><line nr="10" mi="0" ci="5" mb="0" cb="4"/><line nr="11" mi="0" ci="3" mb="0" cb="0"/><line nr="12" mi="0" ci="6" mb="1" cb="3"/><line nr="13" mi="0" ci="3" mb="0" cb="0"/><line nr="14" mi="0" ci="6" mb="1" cb="3"/><line nr="15" mi="0" ci="3" mb="0" cb="0"/><line nr="16" mi="0" ci="6" mb="1" cb="3"/><line nr="17" mi="0" ci="3" mb="0" cb="0"/><line nr="18" mi="0" ci="6" mb="1" cb="3"/><line nr="19" mi="0" ci="3" mb="0" cb="0"/><line nr="21" mi="0" ci="2" mb="0" cb="0"/><line nr="22" mi="0" ci="2" mb="0" cb="0"/><line nr="26" mi="0" ci="3" mb="0" cb="0"/><line nr="29" mi="0" ci="5" mb="0" cb="0"/><line nr="30" mi="0" ci="5" mb="0" cb="0"/><line nr="31" mi="0" ci="4" mb="0" cb="0"/><line nr="32" mi="0" ci="3" mb="0" cb="0"/><line nr="33" mi="0" ci="14" mb="0" cb="0"/><line nr="34" mi="0" ci="1" mb="0" cb="0"/><line nr="35" mi="0" ci="3" mb="0" cb="0"/><line nr="36" mi="0" ci="1" mb="0" cb="0"/><line nr="37" mi="0" ci="2" mb="0" cb="0"/><line nr="38" mi="0" ci="2" mb="0" cb="0"/><line nr="39" mi="0" ci="1" mb="0" cb="0"/><counter type="INSTRUCTION" missed="0" covered="95"/><counter type="BRANCH" missed="4" covered="16"/><counter type="LINE" missed="0" covered="25"/><counter type="COMPLEXITY" missed="4" covered="9"/><counter type="METHOD" missed="0" covered="3"/><counter type="CLASS" missed="0" covered="1"/></sourcefile><counter type="INSTRUCTION" missed="0" covered="95"/><counter type="BRANCH" missed="4" covered="16"/><counter type="LINE" missed="0" covered="25"/><counter type="COMPLEXITY" missed="4" covered="9"/><counter type="METHOD" missed="0" covered="3"/><counter type="CLASS" missed="0" covered="1"/></package><counter type="INSTRUCTION" missed="0" covered="95"/><counter type="BRANCH" missed="4" covered="16"/><counter type="LINE" missed="0" covered="25"/><counter type="COMPLEXITY" missed="4" covered="9"/><counter type="METHOD" missed="0" covered="3"/><counter type="CLASS" missed="0" covered="1"/></report>