<?xml version="1.0" encoding="UTF-8" standalone="yes"?><!DOCTYPE report PUBLIC "-//JACOCO//DTD Report 1.1//EN" "report.dtd"><report name="lettergrade"><sessioninfo id="DESKTOP-PQBPCNP-25c47841" start="1576945110454" dump="1576945110964"/><sessioninfo id="DESKTOP-PQBPCNP-8a3dfd50" start="1576945311680" dump="1576945312176"/><sessioninfo id="DESKTOP-PQBPCNP-65f7fa8e" start="1576945364342" dump="1576945364834"/><sessioninfo id="DESKTOP-PQBPCNP-532f18f9" start="1576945426231" dump="1576945426758"/><package name="sehw4"><class name="sehw4/letterGrade" sourcefilename="letterGrade.java"><method name="&lt;init&gt;" desc="()V" line="7"><counter type="INSTRUCTION" missed="0" covered="3"/><counter type="LINE" missed="0" covered="1"/><counter type="COMPLEXITY" missed="0" covered="1"/><counter type="METHOD" missed="0" covered="1"/></method><method name="letterGrade" desc="(I)C" line="10"><counter type="INSTRUCTION" missed="0" covered="48"/><counter type="BRANCH" missed="4" covered="16"/><counter type="LINE" missed="0" covered="12"/><counter type="COMPLEXITY" missed="4" covered="7"/><counter type="METHOD" missed="0" covered="1"/></method><counter type="INSTRUCTION" missed="0" covered="51"/><counter type="BRANCH" missed="4" covered="16"/><counter type="LINE" missed="0" covered="13"/><counter type="COMPLEXITY" missed="4" covered="8"/><counter type="METHOD" missed="0" covered="2"/><counter type="CLASS" missed="0" covered="1"/></class><sourcefile name="letterGrade.java"><line nr="7" mi="0" ci="3" mb="0" cb="0"/><line nr="10" mi="0" ci="5" mb="0" cb="4"/><line nr="11" mi="0" ci="3" mb="0" cb="0"/><line nr="12" mi="0" ci="6" mb="1" cb="3"/><line nr="13" mi="0" ci="3" mb="0" cb="0"/><line nr="14" mi="0" ci="6" mb="1" cb="3"/><line nr="15" mi="0" ci="3" mb="0" cb="0"/><line nr="16" mi="0" ci="6" mb="1" cb="3"/><line nr="17" mi="0" ci="3" mb="0" cb="0"/><line nr="18" mi="0" ci="6" mb="1" cb="3"/><line nr="19" mi="0" ci="3" mb="0" cb="0"/><line nr="21" mi="0" ci="2" mb="0" cb="0"/><line nr="22" mi="0" ci="2" mb="0" cb="0"/><counter type="INSTRUCTION" missed="0" covered="51"/><counter type="BRANCH" missed="4" covered="16"/><counter type="LINE" missed="0" covered="13"/><counter type="COMPLEXITY" missed="4" covered="8"/><counter type="METHOD" missed="0" covered="2"/><counter type="CLASS" missed="0" covered="1"/></sourcefile><counter type="INSTRUCTION" missed="0" covered="51"/><counter type="BRANCH" missed="4" covered="16"/><counter type="LINE" missed="0" covered="13"/><counter type="COMPLEXITY" missed="4" covered="8"/><counter type="METHOD" missed="0" covered="2"/><counter type="CLASS" missed="0" covered="1"/></package><counter type="INSTRUCTION" missed="0" covered="51"/><counter type="BRANCH" missed="4" covered="16"/><counter type="LINE" missed="0" covered="13"/><counter type="COMPLEXITY" missed="4" covered="8"/><counter type="METHOD" missed="0" covered="2"/><counter type="CLASS" missed="0" covered="1"/></report>